C51 COMPILER V9.01   MAIN                                                                  09/12/2016 22:30:51 PAGE 1   


C51 COMPILER V9.01, COMPILATION OF MODULE MAIN
OBJECT MODULE PLACED IN main.OBJ
COMPILER INVOKED BY: C:\Keil\C51\BIN\C51.EXE main.c BROWSE DEBUG OBJECTEXTEND

line level    source

   1          #include "include.h"
   2          
   3          
   4          sbit pwmButtonAdd   = P3^3;
   5          sbit pwmButtonDec   = P3^2;
   6          
   7          
   8          
   9          uint val = 32778;
  10          void init_Ultra()
  11          {
  12   1              TMOD |= 0x50; 
  13   1              TH0 = 0;
  14   1              TL0 = 0;
  15   1              ET1 = 1;
  16   1              TR1 = 0;
  17   1              EA  = 1;
  18   1              TR1 = 0;
  19   1              
  20   1      }
  21          
  22          
  23          sbit ultraTrigPin = P1^4;                               
  24          sbit ultraEchoPin = P1^5;
  25          
  26          uint length()
  27          {
  28   1              uint count = TH1*256+TL1;
  29   1              TH1 = 0;
  30   1              TL1 = 0;
  31   1              ultraTrigPin = 0;                               
  32   1              ultraEchoPin = 0;
  33   1              return count*340/100;
  34   1      }
  35          
  36          uint ultraRead()
  37          {
  38   1              ultraTrigPin = 0;
  39   1              delayus(2);
  40   1              ultraTrigPin = 1;
  41   1              delayus(10);
  42   1              ultraTrigPin = 0;
  43   1              TR1 = 1;
  44   1              while(ultraEchoPin == 1);
  45   1              TR1 = 0;
  46   1              return length();
  47   1               
  48   1      }
  49          
  50          
  51          void main()
  52          {
  53   1              watchdog_init();
  54   1              MultiServoInit();
  55   1              //Uart_Init();
C51 COMPILER V9.01   MAIN                                                                  09/12/2016 22:30:51 PAGE 2   

  56   1              //IR_Init();
  57   1      
  58   1              while(1)
  59   1              {
  60   2                      //val = ultraRead();
  61   2                      show(val/10);
  62   2                      if (pwmButtonAdd == 0 && val<65520)
  63   2                      {
  64   3                              val += 10;
  65   3                              change(val);
  66   3                      }
  67   2                      
  68   2                      if (pwmButtonDec == 0 && val>10)
  69   2                      {
  70   3                              val -= 10;
  71   3                              change(val);
  72   3                      }
  73   2              }
  74   1      }
*** WARNING C316 IN LINE 74 OF main.c: unterminated conditionals


MODULE INFORMATION:   STATIC OVERLAYABLE
   CODE SIZE        =    177    ----
   CONSTANT SIZE    =   ----    ----
   XDATA SIZE       =   ----    ----
   PDATA SIZE       =   ----    ----
   DATA SIZE        =      2    ----
   IDATA SIZE       =   ----    ----
   BIT SIZE         =   ----    ----
END OF MODULE INFORMATION.


C51 COMPILATION COMPLETE.  1 WARNING(S),  0 ERROR(S)
