C51 COMPILER V9.01   SHOW                                                                  09/06/2016 12:35:10 PAGE 1   


C51 COMPILER V9.01, COMPILATION OF MODULE SHOW
OBJECT MODULE PLACED IN show.OBJ
COMPILER INVOKED BY: C:\Keil\C51\BIN\C51.EXE show.c BROWSE DEBUG OBJECTEXTEND

line level    source

   1          #include "show.h"
   2          
   3          
   4          
   5          uchar code duan[]=                                      //Êý×Ö0~9£¬
   6                                 {0xc0,0xf9,0xa4,
   7                                      0xb0,0x99,0x92,
   8                                          0x82,0xf8,0x80,
   9                                          0x90,0x88,0x83,0xc6,0xa1,0x86,
  10                                          0x8e};
  11          
  12          uchar code wei[]={0xf7,0xfb,0xfd,0xfe};
  13          
  14          void watchdog_init()
  15          {
  16   1              TMOD = TMOD|0x01;
  17   1              TH0 = 0x4c;
  18   1              TL0 = 0x00;
  19   1              ET0 = 1;
  20   1              TR0 = 1;        
  21   1              EA  = 1;
  22   1      }
  23          
  24          void watchdog(void) interrupt 1
  25          {
  26   1               static uint time;
  27   1               TH0 = 0xfe;
  28   1               TL0 = 0x33;
  29   1               time++;
  30   1               led2 = ~led2;
  31   1               if (time%200==0){ led1=~led1;}
  32   1      }
  33          void delayus(uint us) //us >2
  34          {
  35   1              us /=2;
  36   1              while (--us);
  37   1      }
  38          
  39          void show(uint value)
  40          {
  41   1              uchar temp;
  42   1              char i;
  43   1              for ( i = 0; i < 4; i++ )
  44   1              {
  45   2                      temp   = value%10;
  46   2                      value  = value/10;
  47   2                      ledwei = (ledwei|0x0f)&wei[i];
  48   2      
  49   2                      leddua = duan[temp];
  50   2                      delayus(100);
  51   2                      leddua = 0xff; 
  52   2                      if (value == 0) break;
  53   2              
  54   2              }
  55   1      }
C51 COMPILER V9.01   SHOW                                                                  09/06/2016 12:35:10 PAGE 2   

*** WARNING C316 IN LINE 55 OF show.c: unterminated conditionals


MODULE INFORMATION:   STATIC OVERLAYABLE
   CODE SIZE        =    193    ----
   CONSTANT SIZE    =     20    ----
   XDATA SIZE       =   ----    ----
   PDATA SIZE       =   ----    ----
   DATA SIZE        =      2       2
   IDATA SIZE       =   ----    ----
   BIT SIZE         =   ----    ----
END OF MODULE INFORMATION.


C51 COMPILATION COMPLETE.  1 WARNING(S),  0 ERROR(S)
