C51 COMPILER V9.01   UART                                                                  08/31/2016 16:07:59 PAGE 1   


C51 COMPILER V9.01, COMPILATION OF MODULE UART
OBJECT MODULE PLACED IN uart.OBJ
COMPILER INVOKED BY: C:\Keil\C51\BIN\C51.EXE uart.c BROWSE DEBUG OBJECTEXTEND

line level    source

   1          #include "uart.h"
   2          
   3          
   4          #define                  I_LEN   8                  // size 
   5          unsigned char    in_start;      // start index
   6          unsigned char    in_end;        // rec
   7          char    idata    in_buf[I_LEN];
   8          
   9          #define          O_LEN   8
  10          unsigned char    out_start;
  11          unsigned char    out_end;
  12          char    idata    out_buf[O_LEN];
  13          
  14          bit bdata sen_ready_flag;
  15          bit bdata sen_full_flag;
  16          bit bdata rec_flag;
  17          static void uart_interrupt (void) interrupt 4 using 1
  18          {
  19   1              
  20   1              //--------receve data ----------
  21   1              char temp;
  22   1              if (RI)
  23   1              {
  24   2                      temp = SBUF;
  25   2                      RI = 0;
  26   2                      if ( in_start + I_LEN != in_end )  //接收缓冲区
  27   2                      {
  28   3                              in_buf[in_end++ &(I_LEN-1) ] = temp;
  29   3                              //if (In_End == 8) In_End == 0;
  30   3                              rec_flag = 1;
  31   3                      }
  32   2      
  33   2              }
  34   1      
  35   1              //----------send data -------------------
  36   1              if (TI)
  37   1              {
  38   2                      TI = 0;
  39   2                      if ( out_start != out_end )
  40   2                      {
  41   3                              SBUF = out_buf[out_start++ & (O_LEN-1)];
  42   3                              //if (out_start == O_LEN) out_start = 0;
  43   3                              sen_full_flag = 0;
  44   3                      }
  45   2                      else 
  46   2                      {
  47   3                              sen_ready_flag = 0; 
  48   3                      }
  49   2              }
  50   1      }
  51          
  52          //getchar()  gets()
  53          
  54          char _getkey(void)
  55          {
C51 COMPILER V9.01   UART                                                                  08/31/2016 16:07:59 PAGE 2   

  56   1              char temp;
  57   1              while (in_end == in_start);
  58   1              ES = 0;
  59   1              temp = in_buf[in_start++ &(I_LEN-1)];
  60   1              //if(in_start == I_LEN) in_start = 0;
  61   1              ES = 1;
  62   1              return (temp);  
  63   1      }
  64          
  65          void put_buf(char temp)
  66          {
  67   1              if (sen_full_flag == 0) //
  68   1              {
  69   2                      if (sen_ready_flag == 0)
  70   2                      {
  71   3                              sen_ready_flag = 1;
  72   3                              SBUF = temp;
  73   3                      }
  74   2                      else 
  75   2                      {
  76   3                              ES = 0;
  77   3                              out_buf[out_end++ & (O_LEN-1)] = temp;
  78   3                              //if (out_start == O_LEN) out_start = 0;
  79   3                              if (( out_end^out_start)&(O_LEN-1)==0 )
  80   3                              {
  81   4                                      sen_full_flag = 1;
  82   4                              }
  83   3                              ES = 1;
  84   3                      }
  85   2              }
  86   1                      
  87   1      } 
  88          
  89          
  90          //redefine putchar
  91          char putchar(char temp)
  92          {
  93   1              if ( temp == '\n')
  94   1              {
  95   2                      while(sen_full_flag == 1);
  96   2                      put_buf(0x0D);
  97   2              }
  98   1              while (sen_full_flag == 1);
  99   1              put_buf(temp);
 100   1      
 101   1              return temp;
 102   1      } 
 103          
 104          
 105          void uart_config_init()
 106          {
 107   1              in_start  = 0;
 108   1              in_end    = 0;
 109   1      
 110   1              out_start = 0;
 111   1              out_end   = 0;
 112   1              
 113   1              sen_full_flag  = 0;
 114   1              sen_ready_flag = 0;
 115   1      
 116   1              TMOD |=0x20;   //设置定时器T/C1工作在方式2,
 117   1                                         //定时1工作于自动重载模式
C51 COMPILER V9.01   UART                                                                  08/31/2016 16:07:59 PAGE 3   

 118   1              SCON=0x50;     //设置串行口工作方式1：
 119   1                                         //SCON格式 
 120   1                                         //|M0|M1|M2|REN|TB8|RB8|TI|RI
 121   1              TH1 = 0xFd;
 122   1              TL1 = 0xFd;
 123   1              EA  = 1;
 124   1              ES  = 1;
 125   1              TR1  = 1;
 126   1      }       
 127          
 128          void Uart_Init()
 129          {
 130   1              uart_config_init();
 131   1      }
*** WARNING C316 IN LINE 131 OF uart.c: unterminated conditionals


MODULE INFORMATION:   STATIC OVERLAYABLE
   CODE SIZE        =    187    ----
   CONSTANT SIZE    =   ----    ----
   XDATA SIZE       =   ----    ----
   PDATA SIZE       =   ----    ----
   DATA SIZE        =      4    ----
   IDATA SIZE       =     16    ----
   BIT SIZE         =      3    ----
END OF MODULE INFORMATION.


C51 COMPILATION COMPLETE.  1 WARNING(S),  0 ERROR(S)
